Determining if the Q_WS_X11 exist failed with the following output:
Change Dir: /Users/zian/Proyectos/US_Probe_Calibration/build/CMakeFiles/CMakeTmp

Run Build Command:/usr/bin/make "cmTryCompileExec/fast"
/usr/bin/make -f CMakeFiles/cmTryCompileExec.dir/build.make CMakeFiles/cmTryCompileExec.dir/build
"/Applications/CMake 2.8-5.app/Contents/bin/cmake" -E cmake_progress_report /Users/zian/Proyectos/US_Probe_Calibration/build/CMakeFiles/CMakeTmp/CMakeFiles 1
Building C object CMakeFiles/cmTryCompileExec.dir/CheckSymbolExists.c.o
/usr/bin/gcc   -Wall -Wno-uninitialized -Wno-unused-parameter -no-cpp-precomp    -isysroot /Developer/SDKs/MacOSX10.6.sdk -I/opt/QtSDK/Desktop/Qt/474/gcc/include    -o CMakeFiles/cmTryCompileExec.dir/CheckSymbolExists.c.o   -c /Users/zian/Proyectos/US_Probe_Calibration/build/CMakeFiles/CMakeTmp/CheckSymbolExists.c
In file included from /Users/zian/Proyectos/US_Probe_Calibration/build/CMakeFiles/CMakeTmp/CheckSymbolExists.c:2:
/opt/QtSDK/Desktop/Qt/474/gcc/include/QtCore/qglobal.h:320:6: warning: #warning "This version of Mac OS X is unsupported"
/Users/zian/Proyectos/US_Probe_Calibration/build/CMakeFiles/CMakeTmp/CheckSymbolExists.c: In function ‘main’:
/Users/zian/Proyectos/US_Probe_Calibration/build/CMakeFiles/CMakeTmp/CheckSymbolExists.c:8: error: ‘Q_WS_X11’ undeclared (first use in this function)
/Users/zian/Proyectos/US_Probe_Calibration/build/CMakeFiles/CMakeTmp/CheckSymbolExists.c:8: error: (Each undeclared identifier is reported only once
/Users/zian/Proyectos/US_Probe_Calibration/build/CMakeFiles/CMakeTmp/CheckSymbolExists.c:8: error: for each function it appears in.)
make[1]: *** [CMakeFiles/cmTryCompileExec.dir/CheckSymbolExists.c.o] Error 1
make: *** [cmTryCompileExec/fast] Error 2

File /Users/zian/Proyectos/US_Probe_Calibration/build/CMakeFiles/CMakeTmp/CheckSymbolExists.c:
/* */
#include <QtCore/qglobal.h>

void cmakeRequireSymbol(int dummy,...){(void)dummy;}
int main()
{
#ifndef Q_WS_X11
  cmakeRequireSymbol(0,&Q_WS_X11);
#endif
  return 0;
}

Determining if the Q_WS_WIN exist failed with the following output:
Change Dir: /Users/zian/Proyectos/US_Probe_Calibration/build/CMakeFiles/CMakeTmp

Run Build Command:/usr/bin/make "cmTryCompileExec/fast"
/usr/bin/make -f CMakeFiles/cmTryCompileExec.dir/build.make CMakeFiles/cmTryCompileExec.dir/build
"/Applications/CMake 2.8-5.app/Contents/bin/cmake" -E cmake_progress_report /Users/zian/Proyectos/US_Probe_Calibration/build/CMakeFiles/CMakeTmp/CMakeFiles 1
Building C object CMakeFiles/cmTryCompileExec.dir/CheckSymbolExists.c.o
/usr/bin/gcc   -Wall -Wno-uninitialized -Wno-unused-parameter -no-cpp-precomp    -isysroot /Developer/SDKs/MacOSX10.6.sdk -I/opt/QtSDK/Desktop/Qt/474/gcc/include    -o CMakeFiles/cmTryCompileExec.dir/CheckSymbolExists.c.o   -c /Users/zian/Proyectos/US_Probe_Calibration/build/CMakeFiles/CMakeTmp/CheckSymbolExists.c
In file included from /Users/zian/Proyectos/US_Probe_Calibration/build/CMakeFiles/CMakeTmp/CheckSymbolExists.c:2:
/opt/QtSDK/Desktop/Qt/474/gcc/include/QtCore/qglobal.h:320:6: warning: #warning "This version of Mac OS X is unsupported"
/Users/zian/Proyectos/US_Probe_Calibration/build/CMakeFiles/CMakeTmp/CheckSymbolExists.c: In function ‘main’:
/Users/zian/Proyectos/US_Probe_Calibration/build/CMakeFiles/CMakeTmp/CheckSymbolExists.c:8: error: ‘Q_WS_WIN’ undeclared (first use in this function)
/Users/zian/Proyectos/US_Probe_Calibration/build/CMakeFiles/CMakeTmp/CheckSymbolExists.c:8: error: (Each undeclared identifier is reported only once
/Users/zian/Proyectos/US_Probe_Calibration/build/CMakeFiles/CMakeTmp/CheckSymbolExists.c:8: error: for each function it appears in.)
make[1]: *** [CMakeFiles/cmTryCompileExec.dir/CheckSymbolExists.c.o] Error 1
make: *** [cmTryCompileExec/fast] Error 2

File /Users/zian/Proyectos/US_Probe_Calibration/build/CMakeFiles/CMakeTmp/CheckSymbolExists.c:
/* */
#include <QtCore/qglobal.h>

void cmakeRequireSymbol(int dummy,...){(void)dummy;}
int main()
{
#ifndef Q_WS_WIN
  cmakeRequireSymbol(0,&Q_WS_WIN);
#endif
  return 0;
}

Determining if the Q_WS_QWS exist failed with the following output:
Change Dir: /Users/zian/Proyectos/US_Probe_Calibration/build/CMakeFiles/CMakeTmp

Run Build Command:/usr/bin/make "cmTryCompileExec/fast"
/usr/bin/make -f CMakeFiles/cmTryCompileExec.dir/build.make CMakeFiles/cmTryCompileExec.dir/build
"/Applications/CMake 2.8-5.app/Contents/bin/cmake" -E cmake_progress_report /Users/zian/Proyectos/US_Probe_Calibration/build/CMakeFiles/CMakeTmp/CMakeFiles 1
Building C object CMakeFiles/cmTryCompileExec.dir/CheckSymbolExists.c.o
/usr/bin/gcc   -Wall -Wno-uninitialized -Wno-unused-parameter -no-cpp-precomp    -isysroot /Developer/SDKs/MacOSX10.6.sdk -I/opt/QtSDK/Desktop/Qt/474/gcc/include    -o CMakeFiles/cmTryCompileExec.dir/CheckSymbolExists.c.o   -c /Users/zian/Proyectos/US_Probe_Calibration/build/CMakeFiles/CMakeTmp/CheckSymbolExists.c
In file included from /Users/zian/Proyectos/US_Probe_Calibration/build/CMakeFiles/CMakeTmp/CheckSymbolExists.c:2:
/opt/QtSDK/Desktop/Qt/474/gcc/include/QtCore/qglobal.h:320:6: warning: #warning "This version of Mac OS X is unsupported"
/Users/zian/Proyectos/US_Probe_Calibration/build/CMakeFiles/CMakeTmp/CheckSymbolExists.c: In function ‘main’:
/Users/zian/Proyectos/US_Probe_Calibration/build/CMakeFiles/CMakeTmp/CheckSymbolExists.c:8: error: ‘Q_WS_QWS’ undeclared (first use in this function)
/Users/zian/Proyectos/US_Probe_Calibration/build/CMakeFiles/CMakeTmp/CheckSymbolExists.c:8: error: (Each undeclared identifier is reported only once
/Users/zian/Proyectos/US_Probe_Calibration/build/CMakeFiles/CMakeTmp/CheckSymbolExists.c:8: error: for each function it appears in.)
make[1]: *** [CMakeFiles/cmTryCompileExec.dir/CheckSymbolExists.c.o] Error 1
make: *** [cmTryCompileExec/fast] Error 2

File /Users/zian/Proyectos/US_Probe_Calibration/build/CMakeFiles/CMakeTmp/CheckSymbolExists.c:
/* */
#include <QtCore/qglobal.h>

void cmakeRequireSymbol(int dummy,...){(void)dummy;}
int main()
{
#ifndef Q_WS_QWS
  cmakeRequireSymbol(0,&Q_WS_QWS);
#endif
  return 0;
}

